Using pre-set license
Built from '2020.3/staging' branch; Version is '2020.3.11f1 (99c7afb366b3) revision 10078127'; Using compiler version '192528614'; Build Type 'Release'
OS: 'Windows 10 Pro; OS build 19041.1348; Version 2004; 64bit' Language: 'es' Physical Memory: 16332 MB
BatchMode: 1, IsHumanControllingUs: 0, StartBugReporterOnCrash: 0, Is64bit: 1, IsPro: 0

 COMMAND LINE ARGUMENTS:
C:\Program Files\Unity\Hub\Editor\2020.3.11f1\Editor\Unity.exe
-adb2
-batchMode
-noUpm
-name
AssetImportWorker0
-projectPath
C:/Users/Rubén/Documents/GitHub/RogueLike/RogueLike
-logFile
Logs/AssetImportWorker0.log
-srvPort
51237
Successfully changed project path to: C:/Users/Rubén/Documents/GitHub/RogueLike/RogueLike
C:/Users/Rubén/Documents/GitHub/RogueLike/RogueLike
Using Asset Import Pipeline V2.
Refreshing native plugins compatible for Editor in 148.19 ms, found 2 plugins.
Preloading 0 native plugins for Editor in 0.00 ms.
Initialize engine version: 2020.3.11f1 (99c7afb366b3)
[Subsystems] Discovering subsystems at path C:/Program Files/Unity/Hub/Editor/2020.3.11f1/Editor/Data/Resources/UnitySubsystems
[Subsystems] Discovering subsystems at path C:/Users/Rubén/Documents/GitHub/RogueLike/RogueLike/Assets
GfxDevice: creating device client; threaded=0
Direct3D:
    Version:  Direct3D 11.0 [level 11.1]
    Renderer: Radeon RX 580 Series (ID=0x67df)
    Vendor:   
    VRAM:     8171 MB
    Driver:   30.0.13031.1001
Shader 'MoreMountains/MMRipple': fallback shader 'Particle/AlphaBlended' not found
Initialize mono
Mono path[0] = 'C:/Program Files/Unity/Hub/Editor/2020.3.11f1/Editor/Data/Managed'
Mono path[1] = 'C:/Program Files/Unity/Hub/Editor/2020.3.11f1/Editor/Data/MonoBleedingEdge/lib/mono/unityjit'
Mono config path = 'C:/Program Files/Unity/Hub/Editor/2020.3.11f1/Editor/Data/MonoBleedingEdge/etc'
Using monoOptions --debugger-agent=transport=dt_socket,embedding=1,server=y,suspend=n,address=127.0.0.1:56796
Begin MonoManager ReloadAssembly
Registering precompiled unity dll's ...
Register platform support module: C:/Program Files/Unity/Hub/Editor/2020.3.11f1/Editor/Data/PlaybackEngines/WebGLSupport/UnityEditor.WebGL.Extensions.dll
Register platform support module: C:/Program Files/Unity/Hub/Editor/2020.3.11f1/Editor/Data/PlaybackEngines/WindowsStandaloneSupport/UnityEditor.WindowsStandalone.Extensions.dll
Registered in 0.002996 seconds.
Native extension for WindowsStandalone target not found
Native extension for WebGL target not found
Refreshing native plugins compatible for Editor in 226.52 ms, found 2 plugins.
Preloading 0 native plugins for Editor in 0.00 ms.
Mono: successfully reloaded assembly
- Completed reload, in  2.694 seconds
Platform modules already initialized, skipping
Registering precompiled user dll's ...
Registered in 0.005819 seconds.
Begin MonoManager ReloadAssembly
Native extension for WindowsStandalone target not found
Native extension for WebGL target not found
Refreshing native plugins compatible for Editor in 167.82 ms, found 2 plugins.
Preloading 0 native plugins for Editor in 0.00 ms.
Mono: successfully reloaded assembly
- Completed reload, in  2.786 seconds
Platform modules already initialized, skipping
========================================================================
Worker process is ready to serve import requests
Shader 'MoreMountains/MMRipple': fallback shader 'Particle/AlphaBlended' not found
Launched and connected shader compiler UnityShaderCompiler.exe after 0.08 seconds
Refreshing native plugins compatible for Editor in 0.99 ms, found 2 plugins.
Preloading 0 native plugins for Editor in 0.00 ms.
Unloading 4336 Unused Serialized files (Serialized files now loaded: 0)
System memory in use before: 254.0 MB.
System memory in use after: 254.3 MB.

Unloading 27 unused Assets to reduce memory usage. Loaded Objects now: 4774.
Total: 5.629300 ms (FindLiveObjects: 0.529700 ms CreateObjectMapping: 0.135800 ms MarkObjects: 4.834600 ms  DeleteObjects: 0.127100 ms)

========================================================================
Received Import Request.
  path: Assets/FBX/boss.fbx
  artifactKey: Guid(57b60749c06605f42bc7dc0112c1b973) Importer(815301076,1909f56bfc062723c751e8b465ee728b)
Start importing Assets/FBX/boss.fbx using Guid(57b60749c06605f42bc7dc0112c1b973) Importer(815301076,1909f56bfc062723c751e8b465ee728b)  -> (artifact id: '99463114b760253fa14f364c52098188') in 1.520757 seconds
  Import took 1.531494 seconds .

========================================================================
Received Import Request.
  Time since last request: 0.000282 seconds.
  path: Assets/FBX/ultimate plant.fbx
  artifactKey: Guid(56fd338e1620ad842b9b57794d3c79f6) Importer(815301076,1909f56bfc062723c751e8b465ee728b)
Start importing Assets/FBX/ultimate plant.fbx using Guid(56fd338e1620ad842b9b57794d3c79f6) Importer(815301076,1909f56bfc062723c751e8b465ee728b)  -> (artifact id: 'f85a3627a0d2a4ebb16f24bc3103bf8c') in 0.826098 seconds
  Import took 0.836037 seconds .

========================================================================
Received Import Request.
  Time since last request: 0.000245 seconds.
  path: Assets/FBX/Furnace_mesh.fbx
  artifactKey: Guid(8388d06155ba8a040829d76ac973afbe) Importer(815301076,1909f56bfc062723c751e8b465ee728b)
Start importing Assets/FBX/Furnace_mesh.fbx using Guid(8388d06155ba8a040829d76ac973afbe) Importer(815301076,1909f56bfc062723c751e8b465ee728b)  -> (artifact id: 'ea14b5138ebe5b91466146612cfbb382') in 0.021530 seconds
  Import took 0.030728 seconds .

========================================================================
Received Import Request.
  Time since last request: 0.000359 seconds.
  path: Assets/FBX/FloatingBalloon_mesh.fbx
  artifactKey: Guid(6e324c7e6c674b94aa260e0e29b0eafa) Importer(815301076,1909f56bfc062723c751e8b465ee728b)
Start importing Assets/FBX/FloatingBalloon_mesh.fbx using Guid(6e324c7e6c674b94aa260e0e29b0eafa) Importer(815301076,1909f56bfc062723c751e8b465ee728b)  -> (artifact id: '3a43f0fb8af6fb1d7c2d676331deeaf9') in 0.040135 seconds
  Import took 0.048130 seconds .

========================================================================
Received Import Request.
  Time since last request: 271.030427 seconds.
  path: Assets/Prefabs/Bullet.prefab
  artifactKey: Guid(85306f4b908068e428d1ae63d1532f6b) Importer(815301076,1909f56bfc062723c751e8b465ee728b)
Start importing Assets/Prefabs/Bullet.prefab using Guid(85306f4b908068e428d1ae63d1532f6b) Importer(815301076,1909f56bfc062723c751e8b465ee728b)  -> (artifact id: 'c067dbe48da171a76589b20ddb2a1477') in 0.031952 seconds
  Import took 0.043102 seconds .

========================================================================
Received Import Request.
  Time since last request: 0.000237 seconds.
  path: Assets/Prefabs/SpawnEnemies.prefab
  artifactKey: Guid(4300a2180c8cc694aa6f2ec86eeb7318) Importer(815301076,1909f56bfc062723c751e8b465ee728b)
Start importing Assets/Prefabs/SpawnEnemies.prefab using Guid(4300a2180c8cc694aa6f2ec86eeb7318) Importer(815301076,1909f56bfc062723c751e8b465ee728b)  -> (artifact id: '64dd0e03ecea56e11f325b6e1fbbaca4') in 0.007553 seconds
  Import took 0.016339 seconds .

========================================================================
Received Import Request.
  Time since last request: 4.956144 seconds.
  path: Assets/Prefabs/Bosses/boss 1.prefab
  artifactKey: Guid(21271feee4fc7984dbc7c4c7d88af646) Importer(815301076,1909f56bfc062723c751e8b465ee728b)
Start importing Assets/Prefabs/Bosses/boss 1.prefab using Guid(21271feee4fc7984dbc7c4c7d88af646) Importer(815301076,1909f56bfc062723c751e8b465ee728b)  -> (artifact id: '582da71b5525445344c6adb0fb102d30') in 0.012345 seconds
  Import took 0.019339 seconds .

========================================================================
Received Import Request.
  Time since last request: 0.005555 seconds.
  path: Assets/Prefabs/Bosses/boss 1.prefab
  artifactKey: Guid(21271feee4fc7984dbc7c4c7d88af646) Importer(815301076,1909f56bfc062723c751e8b465ee728b)
Start importing Assets/Prefabs/Bosses/boss 1.prefab using Guid(21271feee4fc7984dbc7c4c7d88af646) Importer(815301076,1909f56bfc062723c751e8b465ee728b)  -> (artifact id: '582da71b5525445344c6adb0fb102d30') in 0.011237 seconds
  Import took 0.019249 seconds .

========================================================================
Received Import Request.
  Time since last request: 27.333371 seconds.
  path: Assets/Prefabs/Bosses/Boss.prefab
  artifactKey: Guid(21271feee4fc7984dbc7c4c7d88af646) Importer(815301076,1909f56bfc062723c751e8b465ee728b)
Start importing Assets/Prefabs/Bosses/Boss.prefab using Guid(21271feee4fc7984dbc7c4c7d88af646) Importer(815301076,1909f56bfc062723c751e8b465ee728b)  -> (artifact id: '23e3baa0a40012b2000e0a903c7f7006') in 0.012107 seconds
  Import took 0.020774 seconds .

========================================================================
Received Import Request.
  Time since last request: 799.622025 seconds.
  path: Assets/Scripts/EnemyBehaviour.cs
  artifactKey: Guid(620073ad23db18a44abd45d44f8f6f35) Importer(815301076,1909f56bfc062723c751e8b465ee728b)
Start importing Assets/Scripts/EnemyBehaviour.cs using Guid(620073ad23db18a44abd45d44f8f6f35) Importer(815301076,1909f56bfc062723c751e8b465ee728b)  -> (artifact id: '8c550646dac83007adf648a4eaaae996') in 0.027500 seconds
  Import took 0.040937 seconds .

========================================================================
Received Import Request.
  Time since last request: 260.372056 seconds.
  path: Assets/Scripts/BossBehaviour.cs
  artifactKey: Guid(5d2d4d22dd77367468d32a2ee25a58e3) Importer(815301076,1909f56bfc062723c751e8b465ee728b)
Start importing Assets/Scripts/BossBehaviour.cs using Guid(5d2d4d22dd77367468d32a2ee25a58e3) Importer(815301076,1909f56bfc062723c751e8b465ee728b)  -> (artifact id: '61d71776aa68e29a6467319c9a410839') in 0.004927 seconds
  Import took 0.020755 seconds .

========================================================================
Received Prepare
Registering precompiled user dll's ...
Registered in 0.007981 seconds.
Begin MonoManager ReloadAssembly
Native extension for WindowsStandalone target not found
Native extension for WebGL target not found
Refreshing native plugins compatible for Editor in 1.91 ms, found 2 plugins.
Preloading 0 native plugins for Editor in 0.00 ms.
Mono: successfully reloaded assembly
- Completed reload, in  4.070 seconds
Platform modules already initialized, skipping
Shader 'MoreMountains/MMRipple': fallback shader 'Particle/AlphaBlended' not found
Refreshing native plugins compatible for Editor in 1.62 ms, found 2 plugins.
Preloading 0 native plugins for Editor in 0.00 ms.
Unloading 4200 Unused Serialized files (Serialized files now loaded: 0)
System memory in use before: 250.6 MB.
System memory in use after: 250.8 MB.

Unloading 18 unused Assets to reduce memory usage. Loaded Objects now: 4858.
Total: 31.800200 ms (FindLiveObjects: 1.772300 ms CreateObjectMapping: 1.138700 ms MarkObjects: 28.678600 ms  DeleteObjects: 0.205900 ms)

========================================================================
Received Import Request.
  Time since last request: 4534.294008 seconds.
  path: Assets/Scripts/BossBehaviour.cs
  artifactKey: Guid(5d2d4d22dd77367468d32a2ee25a58e3) Importer(815301076,1909f56bfc062723c751e8b465ee728b)
Start importing Assets/Scripts/BossBehaviour.cs using Guid(5d2d4d22dd77367468d32a2ee25a58e3) Importer(815301076,1909f56bfc062723c751e8b465ee728b)  -> (artifact id: '1a3b6efc6cefaf9f3227144e1ad3eed0') in 0.010883 seconds
  Import took 0.019537 seconds .

========================================================================
Received Prepare
Registering precompiled user dll's ...
Registered in 0.011737 seconds.
Begin MonoManager ReloadAssembly
Native extension for WindowsStandalone target not found
Native extension for WebGL target not found
Refreshing native plugins compatible for Editor in 1.48 ms, found 2 plugins.
Preloading 0 native plugins for Editor in 0.00 ms.
Mono: successfully reloaded assembly
- Completed reload, in  2.246 seconds
Platform modules already initialized, skipping
Shader 'MoreMountains/MMRipple': fallback shader 'Particle/AlphaBlended' not found
Refreshing native plugins compatible for Editor in 1.10 ms, found 2 plugins.
Preloading 0 native plugins for Editor in 0.00 ms.
Unloading 4200 Unused Serialized files (Serialized files now loaded: 0)
System memory in use before: 250.6 MB.
System memory in use after: 250.9 MB.

Unloading 18 unused Assets to reduce memory usage. Loaded Objects now: 4860.
Total: 4.596900 ms (FindLiveObjects: 0.581100 ms CreateObjectMapping: 0.142700 ms MarkObjects: 3.773100 ms  DeleteObjects: 0.098500 ms)

AssetImportWorkerClient::OnTransportError - code=2 error=End of file
