Using pre-set license
Built from '2020.3/staging' branch; Version is '2020.3.11f1 (99c7afb366b3) revision 10078127'; Using compiler version '192528614'; Build Type 'Release'
OS: 'Windows 10 Pro; OS build 19041.1348; Version 2004; 64bit' Language: 'es' Physical Memory: 16332 MB
BatchMode: 1, IsHumanControllingUs: 0, StartBugReporterOnCrash: 0, Is64bit: 1, IsPro: 0

 COMMAND LINE ARGUMENTS:
C:\Program Files\Unity\Hub\Editor\2020.3.11f1\Editor\Unity.exe
-adb2
-batchMode
-noUpm
-name
AssetImportWorker0
-projectPath
C:/Users/Rubén/Documents/GitHub/RogueLike/RogueLike
-logFile
Logs/AssetImportWorker0.log
-srvPort
59468
Successfully changed project path to: C:/Users/Rubén/Documents/GitHub/RogueLike/RogueLike
C:/Users/Rubén/Documents/GitHub/RogueLike/RogueLike
Using Asset Import Pipeline V2.
Refreshing native plugins compatible for Editor in 243.96 ms, found 2 plugins.
Preloading 0 native plugins for Editor in 0.00 ms.
Initialize engine version: 2020.3.11f1 (99c7afb366b3)
[Subsystems] Discovering subsystems at path C:/Program Files/Unity/Hub/Editor/2020.3.11f1/Editor/Data/Resources/UnitySubsystems
[Subsystems] Discovering subsystems at path C:/Users/Rubén/Documents/GitHub/RogueLike/RogueLike/Assets
GfxDevice: creating device client; threaded=0
Direct3D:
    Version:  Direct3D 11.0 [level 11.1]
    Renderer: Radeon RX 580 Series (ID=0x67df)
    Vendor:   
    VRAM:     8171 MB
    Driver:   30.0.13031.1001
Shader 'MoreMountains/MMRipple': fallback shader 'Particle/AlphaBlended' not found
Initialize mono
Mono path[0] = 'C:/Program Files/Unity/Hub/Editor/2020.3.11f1/Editor/Data/Managed'
Mono path[1] = 'C:/Program Files/Unity/Hub/Editor/2020.3.11f1/Editor/Data/MonoBleedingEdge/lib/mono/unityjit'
Mono config path = 'C:/Program Files/Unity/Hub/Editor/2020.3.11f1/Editor/Data/MonoBleedingEdge/etc'
Using monoOptions --debugger-agent=transport=dt_socket,embedding=1,server=y,suspend=n,address=127.0.0.1:56392
Begin MonoManager ReloadAssembly
Registering precompiled unity dll's ...
Register platform support module: C:/Program Files/Unity/Hub/Editor/2020.3.11f1/Editor/Data/PlaybackEngines/WebGLSupport/UnityEditor.WebGL.Extensions.dll
Register platform support module: C:/Program Files/Unity/Hub/Editor/2020.3.11f1/Editor/Data/PlaybackEngines/WindowsStandaloneSupport/UnityEditor.WindowsStandalone.Extensions.dll
Registered in 0.003605 seconds.
Native extension for WindowsStandalone target not found
Native extension for WebGL target not found
Refreshing native plugins compatible for Editor in 163.44 ms, found 2 plugins.
Preloading 0 native plugins for Editor in 0.00 ms.
Mono: successfully reloaded assembly
- Completed reload, in  3.101 seconds
Platform modules already initialized, skipping
Registering precompiled user dll's ...
Registered in 0.005704 seconds.
Begin MonoManager ReloadAssembly
Native extension for WindowsStandalone target not found
Native extension for WebGL target not found
Refreshing native plugins compatible for Editor in 292.63 ms, found 2 plugins.
Preloading 0 native plugins for Editor in 0.00 ms.
Mono: successfully reloaded assembly
- Completed reload, in  2.831 seconds
Platform modules already initialized, skipping
========================================================================
Worker process is ready to serve import requests
Shader 'MoreMountains/MMRipple': fallback shader 'Particle/AlphaBlended' not found
Launched and connected shader compiler UnityShaderCompiler.exe after 0.14 seconds
Refreshing native plugins compatible for Editor in 1.46 ms, found 2 plugins.
Preloading 0 native plugins for Editor in 0.00 ms.
Unloading 4322 Unused Serialized files (Serialized files now loaded: 0)
System memory in use before: 250.9 MB.
System memory in use after: 251.1 MB.

Unloading 27 unused Assets to reduce memory usage. Loaded Objects now: 4760.
Total: 4.608900 ms (FindLiveObjects: 0.523800 ms CreateObjectMapping: 0.116700 ms MarkObjects: 3.835400 ms  DeleteObjects: 0.131200 ms)

========================================================================
Received Import Request.
  path: Assets/Prefabs/Rooms/ClosedRoom.prefab
  artifactKey: Guid(098bfb0c9a61f5f4b97e9650ae26f624) Importer(815301076,1909f56bfc062723c751e8b465ee728b)
Start importing Assets/Prefabs/Rooms/ClosedRoom.prefab using Guid(098bfb0c9a61f5f4b97e9650ae26f624) Importer(815301076,1909f56bfc062723c751e8b465ee728b)  -> (artifact id: 'b592ed164340c8a9690c257edf8aaa97') in 0.856983 seconds
  Import took 0.869015 seconds .

========================================================================
Received Import Request.
  Time since last request: 5.066537 seconds.
  path: Assets/Prefabs/Rooms/ClosedRoom.prefab
  artifactKey: Guid(098bfb0c9a61f5f4b97e9650ae26f624) Importer(815301076,1909f56bfc062723c751e8b465ee728b)
Start importing Assets/Prefabs/Rooms/ClosedRoom.prefab using Guid(098bfb0c9a61f5f4b97e9650ae26f624) Importer(815301076,1909f56bfc062723c751e8b465ee728b)  -> (artifact id: '9df1fe5d50de1af9e09e9ec0aa5c479f') in 0.103330 seconds
  Import took 0.117416 seconds .

========================================================================
Received Import Request.
  Time since last request: 2.944283 seconds.
  path: Assets/Prefabs/Rooms/ClosedRoom.prefab
  artifactKey: Guid(098bfb0c9a61f5f4b97e9650ae26f624) Importer(815301076,1909f56bfc062723c751e8b465ee728b)
Start importing Assets/Prefabs/Rooms/ClosedRoom.prefab using Guid(098bfb0c9a61f5f4b97e9650ae26f624) Importer(815301076,1909f56bfc062723c751e8b465ee728b)  -> (artifact id: 'ef57db56a7a823c3f13d3cfaa08d9993') in 0.073721 seconds
  Import took 0.086103 seconds .

========================================================================
Received Import Request.
  Time since last request: 0.885949 seconds.
  path: Assets/Prefabs/Rooms/ClosedRoom.prefab
  artifactKey: Guid(098bfb0c9a61f5f4b97e9650ae26f624) Importer(815301076,1909f56bfc062723c751e8b465ee728b)
Start importing Assets/Prefabs/Rooms/ClosedRoom.prefab using Guid(098bfb0c9a61f5f4b97e9650ae26f624) Importer(815301076,1909f56bfc062723c751e8b465ee728b)  -> (artifact id: '7fff645ba397507e64aa7c3e8ba2f5f2') in 0.062000 seconds
  Import took 0.089830 seconds .

========================================================================
Received Prepare
Registering precompiled user dll's ...
Registered in 0.006481 seconds.
Begin MonoManager ReloadAssembly
Native extension for WindowsStandalone target not found
Native extension for WebGL target not found
Refreshing native plugins compatible for Editor in 1.97 ms, found 2 plugins.
Preloading 0 native plugins for Editor in 0.00 ms.
Mono: successfully reloaded assembly
- Completed reload, in  2.210 seconds
Platform modules already initialized, skipping
Shader 'MoreMountains/MMRipple': fallback shader 'Particle/AlphaBlended' not found
Refreshing native plugins compatible for Editor in 1.38 ms, found 2 plugins.
Preloading 0 native plugins for Editor in 0.00 ms.
Unloading 4199 Unused Serialized files (Serialized files now loaded: 0)
System memory in use before: 247.7 MB.
System memory in use after: 248.0 MB.

Unloading 18 unused Assets to reduce memory usage. Loaded Objects now: 4807.
Total: 3.873000 ms (FindLiveObjects: 0.697700 ms CreateObjectMapping: 0.145700 ms MarkObjects: 2.995800 ms  DeleteObjects: 0.032500 ms)

========================================================================
Received Prepare
Registering precompiled user dll's ...
Registered in 0.018520 seconds.
Begin MonoManager ReloadAssembly
Native extension for WindowsStandalone target not found
Native extension for WebGL target not found
Refreshing native plugins compatible for Editor in 1.20 ms, found 2 plugins.
Preloading 0 native plugins for Editor in 0.00 ms.
Mono: successfully reloaded assembly
- Completed reload, in  2.392 seconds
Platform modules already initialized, skipping
Shader 'MoreMountains/MMRipple': fallback shader 'Particle/AlphaBlended' not found
Refreshing native plugins compatible for Editor in 1.53 ms, found 2 plugins.
Preloading 0 native plugins for Editor in 0.00 ms.
Unloading 4199 Unused Serialized files (Serialized files now loaded: 0)
System memory in use before: 247.8 MB.
System memory in use after: 248.1 MB.

Unloading 18 unused Assets to reduce memory usage. Loaded Objects now: 4809.
Total: 5.433200 ms (FindLiveObjects: 0.590500 ms CreateObjectMapping: 0.145200 ms MarkObjects: 4.657800 ms  DeleteObjects: 0.037600 ms)

========================================================================
Received Import Request.
  Time since last request: 627.090077 seconds.
  path: Assets/Scripts/EnemyBehaviour.cs
  artifactKey: Guid(620073ad23db18a44abd45d44f8f6f35) Importer(815301076,1909f56bfc062723c751e8b465ee728b)
Start importing Assets/Scripts/EnemyBehaviour.cs using Guid(620073ad23db18a44abd45d44f8f6f35) Importer(815301076,1909f56bfc062723c751e8b465ee728b)  -> (artifact id: '4caa55d3797b783996dbc3a2ad1307f6') in 0.023682 seconds
  Import took 0.031810 seconds .

========================================================================
Received Import Request.
  Time since last request: 301.786022 seconds.
  path: Assets/Prefabs/Enemigos/Enemigo.prefab
  artifactKey: Guid(25772c6a1f1f862449c1df5d7fcd644c) Importer(815301076,1909f56bfc062723c751e8b465ee728b)
Start importing Assets/Prefabs/Enemigos/Enemigo.prefab using Guid(25772c6a1f1f862449c1df5d7fcd644c) Importer(815301076,1909f56bfc062723c751e8b465ee728b)  -> (artifact id: '29f2bfca9781769d5ff141dd9900cf66') in 0.372041 seconds
  Import took 0.380814 seconds .

========================================================================
Received Import Request.
  Time since last request: 130.207607 seconds.
  path: Assets/Prefabs/Enemigos/Enemigo.prefab
  artifactKey: Guid(25772c6a1f1f862449c1df5d7fcd644c) Importer(815301076,1909f56bfc062723c751e8b465ee728b)
Start importing Assets/Prefabs/Enemigos/Enemigo.prefab using Guid(25772c6a1f1f862449c1df5d7fcd644c) Importer(815301076,1909f56bfc062723c751e8b465ee728b)  -> (artifact id: '601e5728b7eafb4dab3a73c7220a4274') in 0.018708 seconds
  Import took 0.030261 seconds .

========================================================================
Received Prepare
Registering precompiled user dll's ...
Registered in 0.007363 seconds.
Begin MonoManager ReloadAssembly
Native extension for WindowsStandalone target not found
Native extension for WebGL target not found
Refreshing native plugins compatible for Editor in 7.05 ms, found 2 plugins.
Preloading 0 native plugins for Editor in 0.00 ms.
Mono: successfully reloaded assembly
- Completed reload, in  2.430 seconds
Platform modules already initialized, skipping
Shader 'MoreMountains/MMRipple': fallback shader 'Particle/AlphaBlended' not found
Refreshing native plugins compatible for Editor in 1.36 ms, found 2 plugins.
Preloading 0 native plugins for Editor in 0.00 ms.
Unloading 4199 Unused Serialized files (Serialized files now loaded: 0)
System memory in use before: 248.0 MB.
System memory in use after: 248.2 MB.

Unloading 18 unused Assets to reduce memory usage. Loaded Objects now: 4847.
Total: 6.207000 ms (FindLiveObjects: 0.457000 ms CreateObjectMapping: 0.111500 ms MarkObjects: 5.577200 ms  DeleteObjects: 0.058500 ms)

========================================================================
Received Import Request.
  Time since last request: 310.695877 seconds.
  path: Assets/Prefabs/Enemigos/Enemigo.prefab
  artifactKey: Guid(25772c6a1f1f862449c1df5d7fcd644c) Importer(815301076,1909f56bfc062723c751e8b465ee728b)
Start importing Assets/Prefabs/Enemigos/Enemigo.prefab using Guid(25772c6a1f1f862449c1df5d7fcd644c) Importer(815301076,1909f56bfc062723c751e8b465ee728b)  -> (artifact id: '293e3b2674ab6dc4766a52beeff45493') in 0.333556 seconds
  Import took 0.341317 seconds .

AssetImportWorkerClient::OnTransportError - code=2 error=End of file
